c:\users\aklad\desktop\mfcappmvp-main\mfcappmvp\x64\debug\mfcappmvp.pch
c:\users\aklad\desktop\mfcappmvp-main\mfcappmvp\x64\debug\vc142.pdb
c:\users\aklad\desktop\mfcappmvp-main\mfcappmvp\x64\debug\vc142.idb
c:\users\aklad\desktop\mfcappmvp-main\mfcappmvp\x64\debug\pch.obj
c:\users\aklad\desktop\mfcappmvp-main\mfcappmvp\x64\debug\mfcappmvp.obj
c:\users\aklad\desktop\mfcappmvp-main\mfcappmvp\x64\debug\personlistrepositoryimpl.obj
c:\users\aklad\desktop\mfcappmvp-main\mfcappmvp\x64\debug\personlistpresenterimpl.obj
c:\users\aklad\desktop\mfcappmvp-main\mfcappmvp\x64\debug\personlistdlg.obj
c:\users\aklad\desktop\mfcappmvp-main\mfcappmvp\x64\debug\person.obj
c:\users\aklad\desktop\mfcappmvp-main\mfcappmvp\x64\debug\mfcappmvp.ilk
c:\users\aklad\desktop\mfcappmvp-main\x64\debug\mfcappmvp.exe
c:\users\aklad\desktop\mfcappmvp-main\x64\debug\mfcappmvp.pdb
c:\users\aklad\desktop\mfcappmvp-main\mfcappmvp\x64\debug\mfcappmvp.res
c:\users\aklad\desktop\mfcappmvp-main\mfcappmvp\x64\debug\mfcappmvp.tlog\cl.command.1.tlog
c:\users\aklad\desktop\mfcappmvp-main\mfcappmvp\x64\debug\mfcappmvp.tlog\cl.read.1.tlog
c:\users\aklad\desktop\mfcappmvp-main\mfcappmvp\x64\debug\mfcappmvp.tlog\cl.write.1.tlog
c:\users\aklad\desktop\mfcappmvp-main\mfcappmvp\x64\debug\mfcappmvp.tlog\link.command.1.tlog
c:\users\aklad\desktop\mfcappmvp-main\mfcappmvp\x64\debug\mfcappmvp.tlog\link.read.1.tlog
c:\users\aklad\desktop\mfcappmvp-main\mfcappmvp\x64\debug\mfcappmvp.tlog\link.write.1.tlog
c:\users\aklad\desktop\mfcappmvp-main\mfcappmvp\x64\debug\mfcappmvp.tlog\rc.command.1.tlog
c:\users\aklad\desktop\mfcappmvp-main\mfcappmvp\x64\debug\mfcappmvp.tlog\rc.read.1.tlog
c:\users\aklad\desktop\mfcappmvp-main\mfcappmvp\x64\debug\mfcappmvp.tlog\rc.write.1.tlog
